
Showing logs for build [32mcb-kubecd-environment-pr-197-53-8f4zl-1[0m stage [32mfrom-build-pack[0m and container [32mstep-credential-initializer-7wrp2[0m
{"level":"warn","ts":1586373807.5130477,"logger":"fallback-logger","caller":"logging/config.go:69","msg":"Fetch GitHub commit ID from kodata failed: \"ref: refs/heads/0.8.0-**-support-backwards-incompats\" is not a valid GitHub commit ID"}
{"level":"info","ts":1586373807.513867,"logger":"fallback-logger","caller":"creds-init/main.go:40","msg":"Credentials initialized."}

Showing logs for build [32mcb-kubecd-environment-pr-197-53-8f4zl-1[0m stage [32mfrom-build-pack[0m and container [32mstep-working-dir-initializer-2cgmt[0m
{"level":"warn","ts":1586373808.4770873,"logger":"fallback-logger","caller":"logging/config.go:69","msg":"Fetch GitHub commit ID from kodata failed: open /var/run/ko/HEAD: no such file or directory"}
{"level":"info","ts":1586373808.4787967,"logger":"fallback-logger","caller":"bash/main.go:64","msg":"Successfully executed command \"sh -c mkdir -p /workspace/source\"; output "}

Showing logs for build [32mcb-kubecd-environment-pr-197-53-8f4zl-1[0m stage [32mfrom-build-pack[0m and container [32mstep-place-tools[0m

Showing logs for build [32mcb-kubecd-environment-pr-197-53-8f4zl-1[0m stage [32mfrom-build-pack[0m and container [32mstep-git-source-cb-kubecd-environment-pr-197-53-8f4zl-6v9jf[0m
{"level":"warn","ts":1586373811.6006606,"logger":"fallback-logger","caller":"logging/config.go:69","msg":"Fetch GitHub commit ID from kodata failed: \"ref: refs/heads/0.8.0-**-support-backwards-incompats\" is not a valid GitHub commit ID"}
{"level":"info","ts":1586373812.7021816,"logger":"fallback-logger","caller":"git/git.go:103","msg":"Successfully cloned https://github.com/cb-kubecd/environment-pr-197-53-boot-gke-staging.git @ master in path /workspace/source"}

Showing logs for build [32mcb-kubecd-environment-pr-197-53-8f4zl-1[0m stage [32mfrom-build-pack[0m and container [32mstep-git-merge[0m
Using SHAs from PULL_REFS=master:dc05f49d21067d39769df54a7f7a029b126bc719,3:6707db5b03c19491a427a27e5de581907b4a42bf
DEBUG: LC_ALL=C JX_LOG_LEVEL=error git fetch origin --unshallow 6707db5b03c19491a427a27e5de581907b4a42bf: dc05f49d21067d39769df54a7f7a029b126bc719:
DEBUG: ran git fetch --unshallow origin 6707db5b03c19491a427a27e5de581907b4a42bf: dc05f49d21067d39769df54a7f7a029b126bc719: in 
DEBUG: JX_LOG_LEVEL=error LC_ALL=C git branch
DEBUG: JX_LOG_LEVEL=error LC_ALL=C git checkout master
DEBUG: ran git checkout master in 
DEBUG: LC_ALL=C JX_LOG_LEVEL=error git reset --hard dc05f49d21067d39769df54a7f7a029b126bc719
DEBUG: ran git reset --hard dc05f49d21067d39769df54a7f7a029b126bc719 in 
DEBUG: LC_ALL=C JX_LOG_LEVEL=error git clean -fd .
DEBUG: ran clean --force -d . in 
DEBUG: LC_ALL=C JX_LOG_LEVEL=error git merge 6707db5b03c19491a427a27e5de581907b4a42bf
DEBUG: ran git merge 6707db5b03c19491a427a27e5de581907b4a42bf in 
DEBUG: JX_LOG_LEVEL=error LC_ALL=C git log --format=%H%x1f%an%x1f%ae%x1f%cn%x1f%ce%x1f%s%n%b%x1e dc05f49d21067d39769df54a7f7a029b126bc719..HEAD
Merged SHA 6707db5b03c19491a427a27e5de581907b4a42bf with commit message 'chore: Promote bdd-sbhg-1586372784 to version 0.0.1' into base branch master

Showing logs for build [32mcb-kubecd-environment-pr-197-53-8f4zl-1[0m stage [32mfrom-build-pack[0m and container [32mstep-build-helm-build[0m
WARNING: No $CHART_REPOSITORY defined so using the default value of: http://jenkins-x-chartmuseum:8080
Adding missing Helm repo: storage.googleapis.com https://storage.googleapis.com/chartmuseum.jenkins-x.io
WARNING: No secrets found on "helm/repos" due: reading the secret "helm/repos" from vault: no secret "helm/repos" not found in vault
Read credentials for https://storage.googleapis.com/chartmuseum.jenkins-x.io from vault helm/repos
Successfully added Helm repository storage.googleapis.com.
Adding missing Helm repo: jenkins-x-chartmuseum http://jenkins-x-chartmuseum:8080
WARNING: No secrets found on "helm/repos" due: reading the secret "helm/repos" from vault: no secret "helm/repos" not found in vault
Read credentials for http://jenkins-x-chartmuseum:8080 from vault helm/repos
Successfully added Helm repository jenkins-x-chartmuseum.
WARNING: No $CHART_REPOSITORY defined so using the default value of: http://jenkins-x-chartmuseum:8080
Adding missing Helm repo: chartmuseum.jenkins-x.io http://chartmuseum.jenkins-x.io
WARNING: No secrets found on "helm/repos" due: reading the secret "helm/repos" from vault: no secret "helm/repos" not found in vault
Read credentials for http://chartmuseum.jenkins-x.io from vault helm/repos
Successfully added Helm repository chartmuseum.jenkins-x.io.
